app/build/outputs/logs/manifest-merger-debug-report.txt
-- Merging decision tree log ---
manifest
ADDED from src\main\AndroidManifest.xml:2:1-143:12
INJECTED from src\main\AndroidManifest.xml:2:1-143:12
INJECTED from src\main\AndroidManifest.xml:2:1-143:12
INJECTED from src\main\AndroidManifest.xml:2:1-143:12
MERGED from [com.tamic:browse:1.0.0] AndroidManifest.xml:2:1-16:12
MERGED from [com.tencent.bugly:crashreport:3.0.0] AndroidManifest.xml:2:1-9:12
MERGED from [com.tencent.bugly:nativecrashreport:3.6.0.1] AndroidManifest.xml:2:1-9:12
MERGED from [com.orhanobut:logger:2.2.0] AndroidManifest.xml:2:1-8:12
MERGED from [com.yanzhenjie:recyclerview-swipe:1.1.4] AndroidManifest.xml:17:1-25:12
MERGED from [com.trello.rxlifecycle2:rxlifecycle-components:2.1.0] AndroidManifest.xml:13:1-19:12
MERGED from [android.arch.persistence.room:rxjava2:1.1.1] AndroidManifest.xml:17:1-22:12
MERGED from [com.trello.rxlifecycle2:rxlifecycle-navi:2.1.0] AndroidManifest.xml:13:1-19:12
MERGED from [com.trello.rxlifecycle2:rxlifecycle-android:2.1.0] AndroidManifest.xml:13:1-19:12
MERGED from [io.reactivex.rxjava2:rxandroid:2.1.1] AndroidManifest.xml:15:1-20:12
MERGED from [:magicindicator] AndroidManifest.xml:2:1-9:12
MERGED from [cn.jiguang.sdk:jpush:3.2.0] AndroidManifest.xml:2:1-133:12
MERGED from [cn.jiguang.sdk:jcore:2.0.0] AndroidManifest.xml:2:1-14:12
MERGED from [com.android.support:multidex:1.0.2] AndroidManifest.xml:17:1-22:12
MERGED from [com.trello:rxlifecycle-components:0.3.1] AndroidManifest.xml:13:1-19:12
MERGED from [com.jaeger.statusbarutil:library:1.4.0] AndroidManifest.xml:2:1-13:12
MERGED from [com.zhihu.android:matisse:0.5.0-alpha4] AndroidManifest.xml:17:1-33:12
MERGED from [liji.library.dev:citypickerview:3.1.13] AndroidManifest.xml:2:1-37:12
MERGED from [com.jwenfeng.library:PullToDetails:1.0.0] AndroidManifest.xml:2:1-11:12
MERGED from [com.android.support:design:28.0.0] AndroidManifest.xml:17:1-24:12
MERGED from [com.android.support:appcompat-v7:28.0.0] AndroidManifest.xml:17:1-22:12
MERGED from [com.android.support:support-v4:28.0.0] AndroidManifest.xml:17:1-22:12
MERGED from [com.android.support.constraint:constraint-layout:1.0.2] AndroidManifest.xml:2:1-11:12
MERGED from [com.google.android:flexbox:0.3.0] AndroidManifest.xml:17:1-27:12
MERGED from [com.android.support:recyclerview-v7:28.0.0] AndroidManifest.xml:17:1-22:12
MERGED from [com.jakewharton:butterknife:8.5.1] AndroidManifest.xml:2:1-7:12
MERGED from [com.trello:rxlifecycle:0.3.1] AndroidManifest.xml:13:1-19:12
MERGED from [com.facebook.stetho:stetho-okhttp3:1.4.2] AndroidManifest.xml:2:1-13:12
MERGED from [com.facebook.stetho:stetho:1.4.2] AndroidManifest.xml:2:1-13:12
MERGED from [com.tbruyelle.rxpermissions:rxpermissions:0.7.0] AndroidManifest.xml:2:1-17:12
MERGED from [com.jakewharton.rxbinding:rxbinding:1.0.1] AndroidManifest.xml:2:1-8:12
MERGED from [android.arch.lifecycle:extensions:1.1.1] AndroidManifest.xml:17:1-30:12
MERGED from [android.arch.lifecycle:reactivestreams:1.1.1] AndroidManifest.xml:17:1-22:12
MERGED from [android.arch.persistence.room:runtime:1.1.1] AndroidManifest.xml:17:1-22:12
MERGED from [com.wang.avi:library:2.1.3] AndroidManifest.xml:2:1-11:12
MERGED from [com.contrarywind:Android-PickerView:4.1.6] AndroidManifest.xml:2:1-11:12
MERGED from [com.scwang.smartrefresh:SmartRefreshLayout:1.1.0-alpha-7] AndroidManifest.xml:2:1-17:12
MERGED from [com.scwang.smartrefresh:SmartRefreshHeader:1.1.0-alpha-7] AndroidManifest.xml:2:1-17:12
MERGED from [cn.jzvd:jiaozivideoplayer:6.4.1] AndroidManifest.xml:2:1-13:12
MERGED from [com.trello.navi2:navi:2.0] AndroidManifest.xml:2:1-8:12
MERGED from [com.android.support:animated-vector-drawable:28.0.0] AndroidManifest.xml:17:1-22:12
MERGED from [com.android.support:support-vector-drawable:28.0.0] AndroidManifest.xml:17:1-22:12
MERGED from [com.android.support:support-fragment:28.0.0] AndroidManifest.xml:17:1-22:12
MERGED from [com.android.support:support-core-ui:28.0.0] AndroidManifest.xml:17:1-22:12
MERGED from [com.android.support:viewpager:28.0.0] AndroidManifest.xml:17:1-22:12
MERGED from [com.android.support:coordinatorlayout:28.0.0] AndroidManifest.xml:17:1-22:12
MERGED from [com.android.support:drawerlayout:28.0.0] AndroidManifest.xml:17:1-22:12
MERGED from [com.android.support:slidingpanelayout:28.0.0] AndroidManifest.xml:17:1-22:12
MERGED from [com.android.support:customview:28.0.0] AndroidManifest.xml:17:1-22:12
MERGED from [com.android.support:swiperefreshlayout:28.0.0] AndroidManifest.xml:17:1-22:12
MERGED from [com.android.support:asynclayoutinflater:28.0.0] AndroidManifest.xml:17:1-22:12
MERGED from [com.android.support:transition:28.0.0] AndroidManifest.xml:17:1-22:12
MERGED from [com.android.support:support-media-compat:28.0.0] AndroidManifest.xml:17:1-22:12
MERGED from [com.android.support:support-core-utils:28.0.0] AndroidManifest.xml:17:1-22:12
MERGED from [com.android.support:loader:28.0.0] AndroidManifest.xml:17:1-22:12
MERGED from [com.android.support:support-compat:28.0.0] AndroidManifest.xml:17:1-24:12
MERGED from [android.arch.lifecycle:runtime:1.1.1] AndroidManifest.xml:17:1-22:12
MERGED from [android.arch.lifecycle:livedata:1.1.1] AndroidManifest.xml:17:1-22:12
MERGED from [android.arch.lifecycle:livedata-core:1.1.1] AndroidManifest.xml:17:1-22:12
MERGED from [android.arch.core:runtime:1.1.1] AndroidManifest.xml:17:1-22:12
MERGED from [android.arch.lifecycle:viewmodel:1.1.1] AndroidManifest.xml:17:1-22:12
MERGED from [android.arch.persistence:db-framework:1.1.1] AndroidManifest.xml:17:1-22:12
MERGED from [android.arch.persistence:db:1.1.1] AndroidManifest.xml:17:1-22:12
MERGED from [com.android.support:versionedparcelable:28.0.0] AndroidManifest.xml:17:1-25:12
MERGED from [com.android.support:cursoradapter:28.0.0] AndroidManifest.xml:17:1-22:12
MERGED from [com.android.support:interpolator:28.0.0] AndroidManifest.xml:17:1-22:12
MERGED from [com.android.support:cardview-v7:28.0.0] AndroidManifest.xml:17:1-22:12
MERGED from [com.android.support:documentfile:28.0.0] AndroidManifest.xml:17:1-22:12
MERGED from [com.android.support:localbroadcastmanager:28.0.0] AndroidManifest.xml:17:1-22:12
MERGED from [com.android.support:print:28.0.0] AndroidManifest.xml:17:1-22:12
MERGED from [com.yanzhenjie:loading:1.0.2] AndroidManifest.xml:17:1-25:12
MERGED from [io.reactivex:rxandroid:1.2.1] AndroidManifest.xml:15:1-21:12
MERGED from [it.sephiroth.android.library.imagezoom:library:1.0.4] AndroidManifest.xml:1:106-7:12
MERGED from [com.contrarywind:wheelview:4.0.8] AndroidManifest.xml:2:1-17:12
MERGED from [it.sephiroth.android.library.easing:library:1.0.2] AndroidManifest.xml:1:116-8:12
INJECTED from src\main\AndroidManifest.xml:2:1-143:12
INJECTED from src\main\AndroidManifest.xml:2:1-143:12
INJECTED from src\main\AndroidManifest.xml:2:1-143:12
	package
		ADDED from src\main\AndroidManifest.xml:3:5-38
		INJECTED from src\main\AndroidManifest.xml
		INJECTED from src\main\AndroidManifest.xml
	android:versionName
		INJECTED from src\main\AndroidManifest.xml
		ADDED from src\main\AndroidManifest.xml:2:1-143:12
		INJECTED from src\main\AndroidManifest.xml
	android:versionCode
		INJECTED from src\main\AndroidManifest.xml
		ADDED from src\main\AndroidManifest.xml:2:1-143:12
		INJECTED from src\main\AndroidManifest.xml
	xmlns:android
		ADDED from src\main\AndroidManifest.xml:2:11-69
uses-permission#android.permission.REQUEST_INSTALL_PACKAGES
ADDED from src\main\AndroidManifest.xml:5:5-83
	android:name
		ADDED from src\main\AndroidManifest.xml:5:22-80
uses-permission#android.permission.WRITE_EXTERNAL_STORAGE
ADDED from src\main\AndroidManifest.xml:6:5-81
MERGED from [cn.jiguang.sdk:jpush:3.2.0] AndroidManifest.xml:20:5-81
MERGED from [cn.jiguang.sdk:jpush:3.2.0] AndroidManifest.xml:20:5-81
MERGED from [com.zhihu.android:matisse:0.5.0-alpha4] AndroidManifest.xml:24:5-81
MERGED from [com.zhihu.android:matisse:0.5.0-alpha4] AndroidManifest.xml:24:5-81
	android:name
		ADDED from src\main\AndroidManifest.xml:6:22-78
uses-permission#android.permission.READ_EXTERNAL_STORAGE
ADDED from src\main\AndroidManifest.xml:7:5-80
MERGED from [cn.jiguang.sdk:jpush:3.2.0] AndroidManifest.xml:21:5-80
MERGED from [cn.jiguang.sdk:jpush:3.2.0] AndroidManifest.xml:21:5-80
MERGED from [com.zhihu.android:matisse:0.5.0-alpha4] AndroidManifest.xml:25:5-80
MERGED from [com.zhihu.android:matisse:0.5.0-alpha4] AndroidManifest.xml:25:5-80
	android:name
		ADDED from src\main\AndroidManifest.xml:7:22-77
uses-permission#android.permission.INTERNET
ADDED from src\main\AndroidManifest.xml:8:5-67
MERGED from [cn.jiguang.sdk:jpush:3.2.0] AndroidManifest.xml:18:5-67
MERGED from [cn.jiguang.sdk:jpush:3.2.0] AndroidManifest.xml:18:5-67
	android:name
		ADDED from src\main\AndroidManifest.xml:8:22-64
uses-permission#android.permission.CHANGE_NETWORK_STATE
ADDED from src\main\AndroidManifest.xml:9:5-79
MERGED from [cn.jiguang.sdk:jpush:3.2.0] AndroidManifest.xml:34:5-79
MERGED from [cn.jiguang.sdk:jpush:3.2.0] AndroidManifest.xml:34:5-79
	android:name
		ADDED from src\main\AndroidManifest.xml:9:22-76
uses-permission#android.permission.CHANGE_WIFI_STATE
ADDED from src\main\AndroidManifest.xml:10:5-76
MERGED from [cn.jiguang.sdk:jpush:3.2.0] AndroidManifest.xml:31:5-76
MERGED from [cn.jiguang.sdk:jpush:3.2.0] AndroidManifest.xml:31:5-76
	android:name
		ADDED from src\main\AndroidManifest.xml:10:22-73
uses-permission#android.permission.ACCESS_NETWORK_STATE
ADDED from src\main\AndroidManifest.xml:11:5-79
MERGED from [cn.jiguang.sdk:jpush:3.2.0] AndroidManifest.xml:24:5-79
MERGED from [cn.jiguang.sdk:jpush:3.2.0] AndroidManifest.xml:24:5-79
MERGED from [cn.jzvd:jiaozivideoplayer:6.4.1] AndroidManifest.xml:11:5-79
MERGED from [cn.jzvd:jiaozivideoplayer:6.4.1] AndroidManifest.xml:11:5-79
	android:name
		ADDED from src\main\AndroidManifest.xml:11:22-76
uses-permission#android.permission.ACCESS_WIFI_STATE
ADDED from src\main\AndroidManifest.xml:12:5-76
MERGED from [cn.jiguang.sdk:jpush:3.2.0] AndroidManifest.xml:25:5-76
MERGED from [cn.jiguang.sdk:jpush:3.2.0] AndroidManifest.xml:25:5-76
	android:name
		ADDED from src\main\AndroidManifest.xml:12:22-73
uses-permission#android.permission.READ_PHONE_STATE
ADDED from src\main\AndroidManifest.xml:14:5-75
MERGED from [cn.jiguang.sdk:jpush:3.2.0] AndroidManifest.xml:19:5-75
MERGED from [cn.jiguang.sdk:jpush:3.2.0] AndroidManifest.xml:19:5-75
	android:name
		ADDED from src\main\AndroidManifest.xml:14:22-72
uses-permission#android.permission.GET_TASKS
ADDED from src\main\AndroidManifest.xml:21:5-68
	android:name
		ADDED from src\main\AndroidManifest.xml:21:22-65
uses-permission#android.permission.CAMERA
ADDED from src\main\AndroidManifest.xml:22:5-65
	android:name
		ADDED from src\main\AndroidManifest.xml:22:22-62
uses-permission#android.permission.ACCESS_LOCATION_EXTRA_COMMANDS
ADDED from src\main\AndroidManifest.xml:23:5-89
MERGED from [cn.jiguang.sdk:jpush:3.2.0] AndroidManifest.xml:33:5-89
MERGED from [cn.jiguang.sdk:jpush:3.2.0] AndroidManifest.xml:33:5-89
	android:name
		ADDED from src\main\AndroidManifest.xml:23:22-86
uses-permission#android.permission.CALL_PHONE
ADDED from src\main\AndroidManifest.xml:25:5-69
	android:name
		ADDED from src\main\AndroidManifest.xml:25:22-66
uses-permission#android.permission.ACCESS_COARSE_LOCATION
ADDED from src\main\AndroidManifest.xml:26:5-81
MERGED from [cn.jiguang.sdk:jpush:3.2.0] AndroidManifest.xml:30:5-81
MERGED from [cn.jiguang.sdk:jpush:3.2.0] AndroidManifest.xml:30:5-81
	android:name
		ADDED from src\main\AndroidManifest.xml:26:22-78
uses-permission#android.permission.ACCESS_FINE_LOCATION
ADDED from src\main\AndroidManifest.xml:27:5-79
MERGED from [cn.jiguang.sdk:jpush:3.2.0] AndroidManifest.xml:32:5-79
MERGED from [cn.jiguang.sdk:jpush:3.2.0] AndroidManifest.xml:32:5-79
	android:name
		ADDED from src\main\AndroidManifest.xml:27:22-76
uses-permission#android.permission.BODY_SENSORS
ADDED from src\main\AndroidManifest.xml:28:5-71
	android:name
		ADDED from src\main\AndroidManifest.xml:28:22-68
uses-permission#android.permission.BAIDU_LOCATION_SERVICE
ADDED from src\main\AndroidManifest.xml:29:5-81
	android:name
		ADDED from src\main\AndroidManifest.xml:29:22-78
uses-permission#android.permission.ACCES_MOCK_LOCATION
ADDED from src\main\AndroidManifest.xml:33:5-78
	android:name
		ADDED from src\main\AndroidManifest.xml:33:22-75
uses-permission#com.android.launcher.permission.READ_SETTINGS
ADDED from src\main\AndroidManifest.xml:35:5-85
	android:name
		ADDED from src\main\AndroidManifest.xml:35:22-82
uses-permission#android.permission.WAKE_LOCK
ADDED from src\main\AndroidManifest.xml:36:5-68
	android:name
		ADDED from src\main\AndroidManifest.xml:36:22-65
uses-permission#android.permission.ACCESS_GPS
ADDED from src\main\AndroidManifest.xml:39:5-69
	android:name
		ADDED from src\main\AndroidManifest.xml:39:22-66
uses-permission#android.permission.BROADCAST_STICKY
ADDED from src\main\AndroidManifest.xml:42:5-75
	android:name
		ADDED from src\main\AndroidManifest.xml:42:22-72
uses-permission#android.permission.PROCESS_OUTGOING_CALLS
ADDED from src\main\AndroidManifest.xml:43:5-81
	android:name
		ADDED from src\main\AndroidManifest.xml:43:22-78
uses-permission#android.permission.MODIFY_AUDIO_SETTINGS
ADDED from src\main\AndroidManifest.xml:45:5-80
	android:name
		ADDED from src\main\AndroidManifest.xml:45:22-77
uses-permission#android.permission.RECORD_AUDIO
ADDED from src\main\AndroidManifest.xml:46:5-71
	android:name
		ADDED from src\main\AndroidManifest.xml:46:22-68
uses-permission#android.permission.SYSTEM_ALERT_WINDOW
ADDED from src\main\AndroidManifest.xml:56:5-78
MERGED from [cn.jiguang.sdk:jpush:3.2.0] AndroidManifest.xml:29:5-78
MERGED from [cn.jiguang.sdk:jpush:3.2.0] AndroidManifest.xml:29:5-78
	android:name
		ADDED from src\main\AndroidManifest.xml:56:22-75
application
ADDED from src\main\AndroidManifest.xml:62:5-141:19
MERGED from [com.tamic:browse:1.0.0] AndroidManifest.xml:11:5-14:19
MERGED from [com.tamic:browse:1.0.0] AndroidManifest.xml:11:5-14:19
MERGED from [cn.jiguang.sdk:jpush:3.2.0] AndroidManifest.xml:36:5-131:19
MERGED from [cn.jiguang.sdk:jpush:3.2.0] AndroidManifest.xml:36:5-131:19
MERGED from [cn.jiguang.sdk:jcore:2.0.0] AndroidManifest.xml:11:5-12:19
MERGED from [cn.jiguang.sdk:jcore:2.0.0] AndroidManifest.xml:11:5-12:19
MERGED from [com.jaeger.statusbarutil:library:1.4.0] AndroidManifest.xml:11:5-20
MERGED from [com.jaeger.statusbarutil:library:1.4.0] AndroidManifest.xml:11:5-20
MERGED from [com.zhihu.android:matisse:0.5.0-alpha4] AndroidManifest.xml:27:5-31:19
MERGED from [com.zhihu.android:matisse:0.5.0-alpha4] AndroidManifest.xml:27:5-31:19
MERGED from [liji.library.dev:citypickerview:3.1.13] AndroidManifest.xml:11:5-35:19
MERGED from [liji.library.dev:citypickerview:3.1.13] AndroidManifest.xml:11:5-35:19
MERGED from [com.android.support:design:28.0.0] AndroidManifest.xml:22:5-20
MERGED from [com.android.support:design:28.0.0] AndroidManifest.xml:22:5-20
MERGED from [com.android.support.constraint:constraint-layout:1.0.2] AndroidManifest.xml:9:5-20
MERGED from [com.android.support.constraint:constraint-layout:1.0.2] AndroidManifest.xml:9:5-20
MERGED from [com.facebook.stetho:stetho-okhttp3:1.4.2] AndroidManifest.xml:11:5-20
MERGED from [com.facebook.stetho:stetho-okhttp3:1.4.2] AndroidManifest.xml:11:5-20
MERGED from [com.facebook.stetho:stetho:1.4.2] AndroidManifest.xml:11:5-20
MERGED from [com.facebook.stetho:stetho:1.4.2] AndroidManifest.xml:11:5-20
MERGED from [com.tbruyelle.rxpermissions:rxpermissions:0.7.0] AndroidManifest.xml:10:5-15:19
MERGED from [com.tbruyelle.rxpermissions:rxpermissions:0.7.0] AndroidManifest.xml:10:5-15:19
MERGED from [android.arch.lifecycle:extensions:1.1.1] AndroidManifest.xml:22:5-28:19
MERGED from [android.arch.lifecycle:extensions:1.1.1] AndroidManifest.xml:22:5-28:19
MERGED from [com.scwang.smartrefresh:SmartRefreshLayout:1.1.0-alpha-7] AndroidManifest.xml:11:5-15:19
MERGED from [com.scwang.smartrefresh:SmartRefreshLayout:1.1.0-alpha-7] AndroidManifest.xml:11:5-15:19
MERGED from [com.scwang.smartrefresh:SmartRefreshHeader:1.1.0-alpha-7] AndroidManifest.xml:11:5-15:19
MERGED from [com.scwang.smartrefresh:SmartRefreshHeader:1.1.0-alpha-7] AndroidManifest.xml:11:5-15:19
MERGED from [com.android.support:support-compat:28.0.0] AndroidManifest.xml:22:5-94
MERGED from [com.android.support:support-compat:28.0.0] AndroidManifest.xml:22:5-94
MERGED from [com.android.support:versionedparcelable:28.0.0] AndroidManifest.xml:22:5-23:19
MERGED from [com.android.support:versionedparcelable:28.0.0] AndroidManifest.xml:22:5-23:19
MERGED from [it.sephiroth.android.library.imagezoom:library:1.0.4] AndroidManifest.xml:5:5-19
MERGED from [it.sephiroth.android.library.imagezoom:library:1.0.4] AndroidManifest.xml:5:5-19
MERGED from [com.contrarywind:wheelview:4.0.8] AndroidManifest.xml:11:5-15:19
MERGED from [com.contrarywind:wheelview:4.0.8] AndroidManifest.xml:11:5-15:19
MERGED from [it.sephiroth.android.library.easing:library:1.0.2] AndroidManifest.xml:5:5-6:19
MERGED from [it.sephiroth.android.library.easing:library:1.0.2] AndroidManifest.xml:5:5-6:19
	android:appComponentFactory
		ADDED from [com.android.support:support-compat:28.0.0] AndroidManifest.xml:22:18-91
	android:supportsRtl
		ADDED from src\main\AndroidManifest.xml:68:9-35
	android:label
		ADDED from src\main\AndroidManifest.xml:66:9-41
	android:roundIcon
		ADDED from src\main\AndroidManifest.xml:67:9-54
	android:icon
		ADDED from src\main\AndroidManifest.xml:65:9-43
	android:allowBackup
		ADDED from src\main\AndroidManifest.xml:64:9-35
	android:theme
		ADDED from src\main\AndroidManifest.xml:69:9-40
	android:name
		ADDED from src\main\AndroidManifest.xml:63:9-38
activity#com.jilian.powerstation.modul.activity.BaseMainActivity
ADDED from src\main\AndroidManifest.xml:70:9-78
	android:name
		ADDED from src\main\AndroidManifest.xml:70:19-66
activity#com.jilian.powerstation.modul.activity.AddESSActivity
ADDED from src\main\AndroidManifest.xml:71:9-67
	android:name
		ADDED from src\main\AndroidManifest.xml:71:19-64
activity#com.jilian.powerstation.modul.activity.RegistActivity
ADDED from src\main\AndroidManifest.xml:72:9-67
	android:name
		ADDED from src\main\AndroidManifest.xml:72:19-64
activity#com.jilian.powerstation.modul.activity.LoginActivity
ADDED from src\main\AndroidManifest.xml:73:9-84:20
	android:screenOrientation
		ADDED from src\main\AndroidManifest.xml:76:13-49
	android:windowSoftInputMode
		ADDED from src\main\AndroidManifest.xml:78:13-54
	android:configChanges
		ADDED from src\main\AndroidManifest.xml:75:13-43
	android:theme
		ADDED from src\main\AndroidManifest.xml:77:13-43
	android:name
		ADDED from src\main\AndroidManifest.xml:74:13-57
intent-filter#action:name:android.intent.action.MAIN+category:name:android.intent.category.LAUNCHER
ADDED from src\main\AndroidManifest.xml:79:13-83:29
action#android.intent.action.MAIN
ADDED from src\main\AndroidManifest.xml:80:17-69
	android:name
		ADDED from src\main\AndroidManifest.xml:80:25-66
category#android.intent.category.LAUNCHER
ADDED from src\main\AndroidManifest.xml:82:17-77
	android:name
		ADDED from src\main\AndroidManifest.xml:82:27-74
provider#android.support.v4.content.FileProvider
ADDED from src\main\AndroidManifest.xml:85:9-93:20
	android:grantUriPermissions
		ADDED from src\main\AndroidManifest.xml:89:13-47
	android:authorities
		ADDED from src\main\AndroidManifest.xml:87:13-71
	android:exported
		ADDED from src\main\AndroidManifest.xml:88:13-37
	android:name
		ADDED from src\main\AndroidManifest.xml:86:13-67
meta-data#android.support.FILE_PROVIDER_PATHS
ADDED from src\main\AndroidManifest.xml:90:13-92:54
	android:resource
		ADDED from src\main\AndroidManifest.xml:92:17-51
	android:name
		ADDED from src\main\AndroidManifest.xml:91:17-67
service#com.baidu.location.f
ADDED from src\main\AndroidManifest.xml:95:9-98:41
	android:process
		ADDED from src\main\AndroidManifest.xml:98:13-38
	android:enabled
		ADDED from src\main\AndroidManifest.xml:97:13-35
	android:name
		ADDED from src\main\AndroidManifest.xml:96:13-48
meta-data#com.baidu.lbsapi.API_KEY
ADDED from src\main\AndroidManifest.xml:100:9-102:64
	android:value
		ADDED from src\main\AndroidManifest.xml:102:13-61
	android:name
		ADDED from src\main\AndroidManifest.xml:101:13-52
meta-data#BUGLY_APPID
ADDED from src\main\AndroidManifest.xml:103:9-105:68
	android:value
		ADDED from src\main\AndroidManifest.xml:105:13-65
	android:name
		ADDED from src\main\AndroidManifest.xml:104:13-39
meta-data#BUGLY_APP_VERSION
ADDED from src\main\AndroidManifest.xml:116:9-118:37
	android:value
		ADDED from src\main\AndroidManifest.xml:118:13-34
	android:name
		ADDED from src\main\AndroidManifest.xml:117:13-45
meta-data#BUGLY_APP_CHANNEL
ADDED from src\main\AndroidManifest.xml:119:9-121:37
	android:value
		ADDED from src\main\AndroidManifest.xml:121:13-34
	android:name
		ADDED from src\main\AndroidManifest.xml:120:13-45
meta-data#BUGLY_ENABLE_DEBUG
ADDED from src\main\AndroidManifest.xml:122:9-124:37
	android:value
		ADDED from src\main\AndroidManifest.xml:124:13-34
	android:name
		ADDED from src\main\AndroidManifest.xml:123:13-46
activity#com.jilian.powerstation.wxapi.WXPayEntryActivity
ADDED from src\main\AndroidManifest.xml:126:9-132:69
	android:screenOrientation
		ADDED from src\main\AndroidManifest.xml:131:13-49
	android:launchMode
		ADDED from src\main\AndroidManifest.xml:130:13-43
	android:exported
		ADDED from src\main\AndroidManifest.xml:129:13-36
	android:configChanges
		ADDED from src\main\AndroidManifest.xml:128:13-74
	android:theme
		ADDED from src\main\AndroidManifest.xml:132:13-66
	android:name
		ADDED from src\main\AndroidManifest.xml:127:13-53
service#com.jilian.powerstation.MyService
ADDED from src\main\AndroidManifest.xml:134:9-140:19
	android:process
		ADDED from src\main\AndroidManifest.xml:136:13-40
	android:name
		ADDED from src\main\AndroidManifest.xml:135:13-38
intent-filter#action:name:cn.jiguang.user.service.action
ADDED from src\main\AndroidManifest.xml:137:13-139:29
action#cn.jiguang.user.service.action
ADDED from src\main\AndroidManifest.xml:138:17-73
	android:name
		ADDED from src\main\AndroidManifest.xml:138:25-70
uses-sdk
INJECTED from src\main\AndroidManifest.xml reason: use-sdk injection requested
INJECTED from src\main\AndroidManifest.xml
INJECTED from src\main\AndroidManifest.xml
MERGED from [com.tamic:browse:1.0.0] AndroidManifest.xml:7:5-9:41
MERGED from [com.tamic:browse:1.0.0] AndroidManifest.xml:7:5-9:41
MERGED from [com.tencent.bugly:crashreport:3.0.0] AndroidManifest.xml:5:5-7:41
MERGED from [com.tencent.bugly:crashreport:3.0.0] AndroidManifest.xml:5:5-7:41
MERGED from [com.tencent.bugly:nativecrashreport:3.6.0.1] AndroidManifest.xml:5:5-7:41
MERGED from [com.tencent.bugly:nativecrashreport:3.6.0.1] AndroidManifest.xml:5:5-7:41
MERGED from [com.orhanobut:logger:2.2.0] AndroidManifest.xml:6:5-43
MERGED from [com.orhanobut:logger:2.2.0] AndroidManifest.xml:6:5-43
MERGED from [com.yanzhenjie:recyclerview-swipe:1.1.4] AndroidManifest.xml:21:5-23:41
MERGED from [com.yanzhenjie:recyclerview-swipe:1.1.4] AndroidManifest.xml:21:5-23:41
MERGED from [com.trello.rxlifecycle2:rxlifecycle-components:2.1.0] AndroidManifest.xml:17:5-44
MERGED from [com.trello.rxlifecycle2:rxlifecycle-components:2.1.0] AndroidManifest.xml:17:5-44
MERGED from [android.arch.persistence.room:rxjava2:1.1.1] AndroidManifest.xml:20:5-44
MERGED from [android.arch.persistence.room:rxjava2:1.1.1] AndroidManifest.xml:20:5-44
MERGED from [com.trello.rxlifecycle2:rxlifecycle-navi:2.1.0] AndroidManifest.xml:17:5-44
MERGED from [com.trello.rxlifecycle2:rxlifecycle-navi:2.1.0] AndroidManifest.xml:17:5-44
MERGED from [com.trello.rxlifecycle2:rxlifecycle-android:2.1.0] AndroidManifest.xml:17:5-44
MERGED from [com.trello.rxlifecycle2:rxlifecycle-android:2.1.0] AndroidManifest.xml:17:5-44
MERGED from [io.reactivex.rxjava2:rxandroid:2.1.1] AndroidManifest.xml:18:5-43
MERGED from [io.reactivex.rxjava2:rxandroid:2.1.1] AndroidManifest.xml:18:5-43
MERGED from [:magicindicator] AndroidManifest.xml:5:5-7:41
MERGED from [:magicindicator] AndroidManifest.xml:5:5-7:41
MERGED from [cn.jiguang.sdk:jpush:3.2.0] AndroidManifest.xml:7:5-9:41
MERGED from [cn.jiguang.sdk:jpush:3.2.0] AndroidManifest.xml:7:5-9:41
MERGED from [cn.jiguang.sdk:jcore:2.0.0] AndroidManifest.xml:7:5-9:41
MERGED from [cn.jiguang.sdk:jcore:2.0.0] AndroidManifest.xml:7:5-9:41
MERGED from [com.android.support:multidex:1.0.2] AndroidManifest.xml:20:5-43
MERGED from [com.android.support:multidex:1.0.2] AndroidManifest.xml:20:5-43
MERGED from [com.trello:rxlifecycle-components:0.3.1] AndroidManifest.xml:17:5-44
MERGED from [com.trello:rxlifecycle-components:0.3.1] AndroidManifest.xml:17:5-44
MERGED from [com.jaeger.statusbarutil:library:1.4.0] AndroidManifest.xml:7:5-9:41
MERGED from [com.jaeger.statusbarutil:library:1.4.0] AndroidManifest.xml:7:5-9:41
MERGED from [com.zhihu.android:matisse:0.5.0-alpha4] AndroidManifest.xml:20:5-22:41
MERGED from [com.zhihu.android:matisse:0.5.0-alpha4] AndroidManifest.xml:20:5-22:41
MERGED from [liji.library.dev:citypickerview:3.1.13] AndroidManifest.xml:7:5-9:41
MERGED from [liji.library.dev:citypickerview:3.1.13] AndroidManifest.xml:7:5-9:41
MERGED from [com.jwenfeng.library:PullToDetails:1.0.0] AndroidManifest.xml:7:5-9:41
MERGED from [com.jwenfeng.library:PullToDetails:1.0.0] AndroidManifest.xml:7:5-9:41
MERGED from [com.android.support:design:28.0.0] AndroidManifest.xml:20:5-44
MERGED from [com.android.support:design:28.0.0] AndroidManifest.xml:20:5-44
MERGED from [com.android.support:appcompat-v7:28.0.0] AndroidManifest.xml:20:5-44
MERGED from [com.android.support:appcompat-v7:28.0.0] AndroidManifest.xml:20:5-44
MERGED from [com.android.support:support-v4:28.0.0] AndroidManifest.xml:20:5-44
MERGED from [com.android.support:support-v4:28.0.0] AndroidManifest.xml:20:5-44
MERGED from [com.android.support.constraint:constraint-layout:1.0.2] AndroidManifest.xml:5:5-7:41
MERGED from [com.android.support.constraint:constraint-layout:1.0.2] AndroidManifest.xml:5:5-7:41
MERGED from [com.google.android:flexbox:0.3.0] AndroidManifest.xml:23:5-25:41
MERGED from [com.google.android:flexbox:0.3.0] AndroidManifest.xml:23:5-25:41
MERGED from [com.android.support:recyclerview-v7:28.0.0] AndroidManifest.xml:20:5-44
MERGED from [com.android.support:recyclerview-v7:28.0.0] AndroidManifest.xml:20:5-44
MERGED from [com.jakewharton:butterknife:8.5.1] AndroidManifest.xml:5:5-43
MERGED from [com.jakewharton:butterknife:8.5.1] AndroidManifest.xml:5:5-43
MERGED from [com.trello:rxlifecycle:0.3.1] AndroidManifest.xml:17:5-44
MERGED from [com.trello:rxlifecycle:0.3.1] AndroidManifest.xml:17:5-44
MERGED from [com.facebook.stetho:stetho-okhttp3:1.4.2] AndroidManifest.xml:7:5-9:41
MERGED from [com.facebook.stetho:stetho-okhttp3:1.4.2] AndroidManifest.xml:7:5-9:41
MERGED from [com.facebook.stetho:stetho:1.4.2] AndroidManifest.xml:7:5-9:41
MERGED from [com.facebook.stetho:stetho:1.4.2] AndroidManifest.xml:7:5-9:41
MERGED from [com.tbruyelle.rxpermissions:rxpermissions:0.7.0] AndroidManifest.xml:6:5-8:41
MERGED from [com.tbruyelle.rxpermissions:rxpermissions:0.7.0] AndroidManifest.xml:6:5-8:41
MERGED from [com.jakewharton.rxbinding:rxbinding:1.0.1] AndroidManifest.xml:6:5-44
MERGED from [com.jakewharton.rxbinding:rxbinding:1.0.1] AndroidManifest.xml:6:5-44
MERGED from [android.arch.lifecycle:extensions:1.1.1] AndroidManifest.xml:20:5-44
MERGED from [android.arch.lifecycle:extensions:1.1.1] AndroidManifest.xml:20:5-44
MERGED from [android.arch.lifecycle:reactivestreams:1.1.1] AndroidManifest.xml:20:5-44
MERGED from [android.arch.lifecycle:reactivestreams:1.1.1] AndroidManifest.xml:20:5-44
MERGED from [android.arch.persistence.room:runtime:1.1.1] AndroidManifest.xml:20:5-44
MERGED from [android.arch.persistence.room:runtime:1.1.1] AndroidManifest.xml:20:5-44
MERGED from [com.wang.avi:library:2.1.3] AndroidManifest.xml:7:5-9:41
MERGED from [com.wang.avi:library:2.1.3] AndroidManifest.xml:7:5-9:41
MERGED from [com.contrarywind:Android-PickerView:4.1.6] AndroidManifest.xml:7:5-9:41
MERGED from [com.contrarywind:Android-PickerView:4.1.6] AndroidManifest.xml:7:5-9:41
MERGED from [com.scwang.smartrefresh:SmartRefreshLayout:1.1.0-alpha-7] AndroidManifest.xml:7:5-9:41
MERGED from [com.scwang.smartrefresh:SmartRefreshLayout:1.1.0-alpha-7] AndroidManifest.xml:7:5-9:41
MERGED from [com.scwang.smartrefresh:SmartRefreshHeader:1.1.0-alpha-7] AndroidManifest.xml:7:5-9:41
MERGED from [com.scwang.smartrefresh:SmartRefreshHeader:1.1.0-alpha-7] AndroidManifest.xml:7:5-9:41
MERGED from [cn.jzvd:jiaozivideoplayer:6.4.1] AndroidManifest.xml:7:5-9:41
MERGED from [cn.jzvd:jiaozivideoplayer:6.4.1] AndroidManifest.xml:7:5-9:41
MERGED from [com.trello.navi2:navi:2.0] AndroidManifest.xml:6:5-44
MERGED from [com.trello.navi2:navi:2.0] AndroidManifest.xml:6:5-44
MERGED from [com.android.support:animated-vector-drawable:28.0.0] AndroidManifest.xml:20:5-44
MERGED from [com.android.support:animated-vector-drawable:28.0.0] AndroidManifest.xml:20:5-44
MERGED from [com.android.support:support-vector-drawable:28.0.0] AndroidManifest.xml:20:5-44
MERGED from [com.android.support:support-vector-drawable:28.0.0] AndroidManifest.xml:20:5-44
MERGED from [com.android.support:support-fragment:28.0.0] AndroidManifest.xml:20:5-44
MERGED from [com.android.support:support-fragment:28.0.0] AndroidManifest.xml:20:5-44
MERGED from [com.android.support:support-core-ui:28.0.0] AndroidManifest.xml:20:5-44
MERGED from [com.android.support:support-core-ui:28.0.0] AndroidManifest.xml:20:5-44
MERGED from [com.android.support:viewpager:28.0.0] AndroidManifest.xml:20:5-44
MERGED from [com.android.support:viewpager:28.0.0] AndroidManifest.xml:20:5-44
MERGED from [com.android.support:coordinatorlayout:28.0.0] AndroidManifest.xml:20:5-44
MERGED from [com.android.support:coordinatorlayout:28.0.0] AndroidManifest.xml:20:5-44
MERGED from [com.android.support:drawerlayout:28.0.0] AndroidManifest.xml:20:5-44
MERGED from [com.android.support:drawerlayout:28.0.0] AndroidManifest.xml:20:5-44